<?xml version="1.0" encoding="UTF-8"?>
<!-- Generated by org.testng.reporters.JUnitXMLReporter -->
<testsuite hostname="LAPTOP-PATGFM90" ignored="0" name="Test" tests="2" failures="1" timestamp="12 Jul 2020 10:21:37 GMT" time="0.035" errors="0">
  <testcase name="TC_01" time="0.016" classname="com.testcases.Regressiontest"/>
  <testcase name="TC_02" time="0.001" classname="com.testcases.Regressiontest">
    <failure type="java.lang.NullPointerException">
      <![CDATA[java.lang.NullPointerException
at com.keywords.Keywords.openUrl(Keywords.java:47)
at com.testcases.Regressiontest.TC_02(Regressiontest.java:17)
... Removed 25 stack frames]]>
    </failure>
  </testcase> <!-- TC_02 -->
</testsuite> <!-- Test -->
